<testsuite name="Mocha Tests" tests="4" failures="0" errors="0" skip="0" timestamp="Sun, 22 Sep 2013 18:02:09 GMT" time="1.3">
<testcase classname="globals" name="should have sinon defined" time="0"/>
<testcase classname="globals" name="should have expect defined" time="0.001"/>
<testcase classname="globals" name="should have underscore defined" time="0"/>
<testcase classname="services" name="should return a page" time="1.266"/>
</testsuite>
